SF:lib\core\data\communication_impl.dart
DA:11,1
DA:13,1
DA:17,3
DA:19,1
DA:24,0
DA:25,0
DA:27,0
DA:30,0
DA:33,0
DA:35,0
DA:39,0
DA:40,0
DA:42,1
DA:45,2
DA:46,0
DA:48,0
DA:51,1
DA:54,0
DA:56,0
DA:59,0
DA:62,0
DA:64,0
DA:66,0
DA:69,0
DA:71,0
DA:74,0
DA:77,0
DA:78,0
DA:81,0
DA:83,0
DA:84,0
DA:85,0
DA:86,0
DA:87,0
DA:92,0
DA:94,0
DA:97,0
DA:100,0
DA:101,0
DA:104,0
DA:106,0
DA:107,0
DA:108,0
DA:109,0
DA:110,0
DA:111,0
LF:46
LH:7
end_of_record
SF:lib\core\entities\request.dart
DA:7,3
DA:12,0
DA:13,0
LF:3
LH:1
end_of_record
SF:lib\core\state\scaffold_app_state.dart
DA:5,3
DA:8,2
LF:2
LH:2
end_of_record
SF:lib\features\home_page\data\models\note_model.dart
DA:15,3
DA:25,1
DA:26,1
DA:28,0
LF:4
LH:3
end_of_record
SF:lib\features\home_page\data\models\note_model.g.dart
DA:9,2
DA:10,1
DA:11,1
DA:12,1
DA:13,1
DA:14,1
DA:15,1
DA:16,1
DA:19,0
DA:20,0
DA:21,0
DA:22,0
DA:23,0
DA:24,0
DA:25,0
DA:26,0
LF:16
LH:8
end_of_record
SF:lib\features\home_page\domain\entities\note.dart
DA:10,2
LF:1
LH:1
end_of_record
SF:lib\features\login\domain\usecases\login_with_google_usecase.dart
DA:8,1
DA:10,1
DA:11,2
LF:3
LH:3
end_of_record
SF:lib\features\login\presentation\controller\login_controller.dart
DA:9,1
DA:16,1
DA:17,3
DA:20,1
DA:21,2
LF:5
LH:5
end_of_record
SF:lib\firebase_helper.dart
DA:11,1
DA:16,0
DA:17,0
DA:20,1
DA:21,2
DA:24,1
DA:27,1
DA:29,1
DA:30,1
DA:31,1
DA:34,2
DA:36,1
DA:39,1
DA:45,0
DA:46,0
DA:52,0
LF:16
LH:11
end_of_record
SF:lib\core\data\base_datasource_mock.dart
DA:6,0
DA:8,0
DA:10,0
DA:12,0
DA:14,0
LF:5
LH:0
end_of_record
SF:lib\core\i18n\i18n.dart
DA:8,6
DA:10,0
DA:11,0
DA:12,0
DA:13,0
DA:16,0
LF:6
LH:1
end_of_record
SF:lib\core\print\print.dart
DA:3,3
DA:4,3
LF:2
LH:2
end_of_record
SF:lib\core\helpers\dart_z_externsion.dart
DA:4,0
DA:5,4
LF:2
LH:1
end_of_record
SF:lib\core\i18n\strings\en_us.dart
DA:4,0
DA:7,0
DA:10,0
DA:13,0
DA:16,0
DA:19,0
DA:22,0
DA:25,0
DA:28,0
DA:31,0
DA:34,0
DA:37,0
DA:40,0
DA:43,0
DA:46,0
DA:49,0
LF:16
LH:0
end_of_record
SF:lib\core\i18n\strings\pt_br.dart
DA:4,1
DA:7,1
DA:10,1
DA:13,0
DA:16,0
DA:19,0
DA:22,0
DA:25,0
DA:28,0
DA:31,0
DA:34,0
DA:37,0
DA:40,0
DA:43,0
DA:46,0
DA:49,1
LF:16
LH:4
end_of_record
SF:lib\core\injector\feature_injector.dart
DA:2,0
DA:3,0
DA:4,0
DA:5,0
LF:4
LH:0
end_of_record
SF:lib\core\navigator\app_navigator_impl.dart
DA:13,0
DA:15,3
DA:16,1
DA:18,0
DA:20,1
DA:22,1
DA:24,1
DA:26,0
DA:29,0
DA:31,0
DA:32,0
DA:35,0
DA:40,0
DA:42,0
DA:43,0
DA:46,0
DA:48,0
DA:51,0
DA:53,0
DA:56,0
DA:58,0
LF:21
LH:5
end_of_record
SF:lib\injectors.dart
DA:17,6
DA:20,0
DA:21,0
DA:22,0
DA:23,0
DA:26,0
DA:27,0
DA:29,0
DA:30,0
DA:31,0
DA:35,0
DA:36,0
DA:37,0
DA:38,0
DA:39,0
DA:43,0
DA:44,0
DA:47,0
DA:50,2
DA:51,4
DA:55,5
LF:21
LH:4
end_of_record
SF:lib\features\home_page\presentation\pages\home_page.dart
DA:13,13
DA:15,0
DA:16,0
DA:22,0
DA:24,0
DA:25,0
DA:28,0
DA:30,0
DA:31,0
DA:32,0
DA:34,0
DA:35,0
DA:36,0
DA:37,0
DA:38,0
DA:39,0
DA:40,0
DA:41,0
DA:43,0
DA:44,0
DA:45,0
DA:46,0
DA:55,0
DA:57,0
DA:58,0
DA:60,0
DA:63,0
DA:64,0
DA:66,0
DA:69,0
DA:71,0
DA:73,0
DA:74,0
DA:82,0
DA:84,0
DA:85,0
LF:36
LH:1
end_of_record
SF:lib\features\login\presentation\pages\login_page.dart
DA:12,13
DA:14,1
DA:15,1
DA:22,1
DA:24,1
DA:25,1
DA:26,2
DA:27,1
DA:29,1
DA:30,1
DA:31,2
DA:36,1
DA:37,1
DA:39,1
DA:40,3
DA:48,1
DA:49,2
DA:52,3
DA:54,1
DA:56,1
DA:57,2
LF:21
LH:21
end_of_record
SF:lib\features\new_note\presentation\pages\new_note_page.dart
DA:13,0
DA:18,0
DA:19,0
DA:25,0
DA:27,0
DA:29,0
DA:32,0
DA:34,0
DA:35,0
DA:36,0
DA:37,0
DA:38,0
DA:39,0
DA:40,0
DA:41,0
DA:42,0
DA:44,0
DA:45,0
DA:46,0
DA:47,0
DA:52,0
DA:54,0
DA:56,0
DA:58,0
DA:60,0
DA:61,0
DA:64,0
DA:65,0
DA:68,0
DA:69,0
DA:72,0
DA:74,0
DA:75,0
LF:33
LH:0
end_of_record
SF:lib\core\repositories\base_repository.dart
DA:8,3
DA:12,3
DA:14,3
DA:15,3
DA:16,6
DA:17,6
DA:18,3
LF:7
LH:7
end_of_record
SF:lib\core\state\app_state.dart
DA:8,3
DA:10,2
DA:11,4
DA:13,1
DA:15,3
DA:17,2
DA:19,2
DA:21,3
DA:22,3
DA:23,3
DA:24,3
DA:25,3
DA:28,2
DA:29,2
DA:30,2
DA:31,2
DA:32,2
DA:35,3
DA:36,3
DA:37,3
DA:38,3
DA:39,3
LF:22
LH:22
end_of_record
SF:lib\core\state\app_state_builder.dart
DA:10,0
DA:16,0
DA:18,0
DA:19,0
DA:20,0
DA:21,0
DA:25,0
LF:7
LH:0
end_of_record
SF:lib\core\widgets\app_progress_indicator.dart
DA:7,26
DA:9,0
DA:11,0
DA:12,0
LF:4
LH:1
end_of_record
SF:lib\core\state\app_state_extension.dart
DA:7,2
DA:8,2
DA:10,2
DA:12,8
LF:4
LH:4
end_of_record
SF:lib\core\state\scaffold_app_state_builder.dart
DA:17,1
DA:24,1
DA:26,1
DA:28,1
DA:32,3
DA:34,1
DA:36,1
DA:38,3
DA:39,2
DA:40,1
DA:44,2
DA:45,1
DA:49,0
DA:50,0
DA:56,1
DA:58,1
DA:59,2
DA:60,2
DA:61,2
DA:65,1
DA:66,3
DA:69,1
DA:70,1
DA:71,1
DA:73,3
DA:74,1
DA:76,3
DA:78,1
DA:82,0
DA:83,0
DA:84,0
DA:86,0
DA:88,0
DA:89,0
DA:93,1
DA:94,3
DA:95,1
DA:99,1
DA:100,1
DA:101,1
DA:105,1
DA:112,1
DA:113,1
DA:114,3
LF:44
LH:36
end_of_record
SF:lib\core\widgets\snack_bar\error_icon.dart
DA:4,13
DA:6,0
DA:8,0
DA:10,0
LF:4
LH:1
end_of_record
SF:lib\core\widgets\snack_bar\loading_icon.dart
DA:6,13
DA:8,0
LF:2
LH:1
end_of_record
SF:lib\core\widgets\snack_bar\success_icon.dart
DA:4,13
DA:6,0
DA:8,0
DA:10,0
LF:4
LH:1
end_of_record
SF:lib\core\widgets\empty_placeholder.dart
DA:7,0
DA:11,0
DA:13,0
DA:15,0
DA:16,0
DA:19,0
LF:6
LH:0
end_of_record
SF:lib\features\home_page\data\datasources\home_datasource_impl.dart
DA:12,1
DA:14,3
DA:16,1
DA:18,1
DA:20,3
DA:23,2
DA:25,4
LF:7
LH:7
end_of_record
SF:lib\features\home_page\data\datasources\home_datasource_mock.dart
DA:7,0
DA:10,0
LF:2
LH:0
end_of_record
SF:lib\features\home_page\data\mappers\note_mapper.dart
DA:5,2
DA:6,2
DA:7,2
DA:8,2
DA:9,2
DA:10,2
DA:11,2
DA:12,2
DA:13,2
DA:17,2
DA:18,8
DA:21,1
DA:22,1
DA:23,1
DA:24,1
DA:25,1
DA:26,1
DA:27,1
DA:28,1
DA:29,1
LF:20
LH:20
end_of_record
SF:lib\features\home_page\domain\repositories\home_repository_impl.dart
DA:14,1
DA:16,1
DA:18,2
DA:19,2
DA:21,1
LF:5
LH:5
end_of_record
SF:lib\features\home_page\domain\usecases\get_notes_usecase.dart
DA:9,0
DA:11,0
LF:2
LH:0
end_of_record
SF:lib\features\home_page\domain\usecases\search_notes_usecase.dart
DA:6,0
DA:8,0
DA:10,0
DA:13,0
DA:14,0
DA:15,0
DA:16,0
DA:18,0
DA:19,0
DA:20,0
LF:10
LH:0
end_of_record
SF:lib\features\home_page\home_injector.dart
DA:13,0
DA:15,0
DA:16,0
DA:20,0
DA:22,0
DA:23,0
DA:27,0
DA:29,0
DA:30,0
DA:34,0
DA:36,0
DA:37,0
DA:38,0
DA:41,0
DA:43,0
DA:44,0
LF:16
LH:0
end_of_record
SF:lib\features\home_page\presentation\controller\home_controller.dart
DA:13,0
DA:21,0
DA:25,0
DA:26,0
DA:27,0
DA:29,0
DA:35,0
DA:37,0
DA:41,0
DA:42,0
DA:43,0
DA:46,0
DA:47,0
DA:50,0
DA:51,0
DA:52,0
LF:16
LH:0
end_of_record
SF:lib\features\home_page\presentation\widgets\home_app_bar.dart
DA:16,0
DA:22,0
DA:26,0
DA:28,0
DA:30,0
DA:32,0
DA:33,0
DA:34,0
DA:35,0
DA:38,0
DA:39,0
DA:40,0
DA:42,0
DA:44,0
DA:47,0
DA:48,0
DA:49,0
DA:50,0
DA:51,0
DA:52,0
DA:53,0
DA:54,0
DA:59,0
DA:60,0
DA:61,0
LF:25
LH:0
end_of_record
SF:lib\features\home_page\presentation\widgets\home_body.dart
DA:16,0
DA:20,0
DA:22,0
DA:24,0
DA:25,0
DA:26,0
DA:27,0
DA:29,0
DA:30,0
DA:31,0
DA:35,0
DA:36,0
DA:37,0
DA:39,0
DA:42,0
DA:43,0
DA:45,0
DA:47,0
DA:48,0
DA:50,0
DA:51,0
DA:52,0
DA:53,0
DA:56,0
DA:59,0
DA:60,0
DA:61,0
DA:64,0
LF:28
LH:0
end_of_record
SF:lib\features\home_page\presentation\widgets\home_floating_button.dart
DA:6,0
DA:9,0
DA:11,0
DA:13,0
DA:14,0
LF:5
LH:0
end_of_record
SF:lib\features\home_page\presentation\widgets\grid_view_title.dart
DA:6,0
DA:9,0
DA:11,0
DA:13,0
DA:15,0
DA:16,0
LF:6
LH:0
end_of_record
SF:lib\features\home_page\presentation\widgets\home_grid_view.dart
DA:12,0
DA:19,0
DA:21,0
DA:24,0
DA:25,0
DA:30,0
DA:31,0
DA:32,0
DA:33,0
DA:34,0
LF:10
LH:0
end_of_record
SF:lib\features\home_page\presentation\widgets\note_card.dart
DA:9,0
DA:13,0
DA:15,0
DA:17,0
DA:18,0
DA:19,0
DA:20,0
DA:21,0
DA:23,0
DA:25,0
DA:27,0
DA:28,0
DA:29,0
DA:36,0
DA:37,0
LF:15
LH:0
end_of_record
SF:lib\features\login\data\datasources\login_datasource_impl.dart
DA:9,1
DA:13,1
DA:15,2
LF:3
LH:3
end_of_record
SF:lib\features\login\data\datasources\login_datasource_mock.dart
DA:6,0
DA:9,0
LF:2
LH:0
end_of_record
SF:lib\features\login\data\repositories\login_repository_impl.dart
DA:12,1
DA:14,1
DA:16,2
DA:17,2
DA:19,1
LF:5
LH:5
end_of_record
SF:lib\features\login\login_injector.dart
DA:12,0
DA:14,0
DA:15,0
DA:19,0
DA:21,0
DA:22,0
DA:26,0
DA:28,0
DA:29,0
DA:33,0
DA:35,0
DA:38,0
DA:40,0
LF:13
LH:0
end_of_record
SF:lib\features\new_note\data\datasources\new_note_datasource_impl.dart
DA:14,0
DA:16,0
DA:18,0
DA:20,0
DA:22,0
DA:25,0
DA:27,0
DA:29,0
DA:32,0
DA:34,0
DA:36,0
DA:38,0
DA:41,0
DA:43,0
DA:47,0
DA:50,0
DA:52,0
DA:54,0
DA:57,0
DA:60,0
DA:62,0
DA:64,0
DA:67,0
LF:23
LH:0
end_of_record
SF:lib\features\new_note\data\datasources\new_note_datasource_mock.dart
DA:5,0
DA:8,0
DA:11,0
DA:14,0
DA:17,0
DA:20,0
DA:23,0
DA:26,0
LF:8
LH:0
end_of_record
SF:lib\features\new_note\data\repositories\new_note_repository_impl.dart
DA:14,0
DA:16,0
DA:18,0
DA:19,0
DA:21,0
DA:25,0
DA:27,0
DA:29,0
DA:32,0
DA:36,0
DA:38,0
DA:40,0
DA:43,0
DA:47,0
DA:49,0
DA:51,0
DA:54,0
LF:17
LH:0
end_of_record
SF:lib\features\new_note\domain\usecases\create_note_usecase.dart
DA:9,0
DA:13,0
DA:14,0
LF:3
LH:0
end_of_record
SF:lib\features\new_note\domain\usecases\delete_note_usecase.dart
DA:9,0
DA:11,0
DA:12,0
LF:3
LH:0
end_of_record
SF:lib\features\new_note\domain\usecases\edit_note_usecase.dart
DA:9,0
DA:13,0
LF:2
LH:0
end_of_record
SF:lib\features\new_note\domain\usecases\get_note_by_id.dart
DA:9,0
DA:11,0
LF:2
LH:0
end_of_record
SF:lib\features\new_note\new_note_injector.dart
DA:15,0
DA:17,0
DA:18,0
DA:22,0
DA:24,0
DA:25,0
DA:29,0
DA:31,0
DA:32,0
DA:36,0
DA:38,0
DA:39,0
DA:40,0
DA:41,0
DA:42,0
DA:45,0
DA:47,0
DA:48,0
DA:49,0
DA:50,0
DA:51,0
DA:52,0
LF:22
LH:0
end_of_record
SF:lib\features\new_note\presentation\controller\new_note_controller.dart
DA:19,0
DA:36,0
DA:38,0
DA:40,0
DA:47,0
DA:48,0
DA:50,0
DA:51,0
DA:52,0
DA:53,0
DA:54,0
DA:61,0
DA:64,0
DA:65,0
DA:66,0
DA:67,0
DA:72,0
DA:73,0
DA:74,0
DA:75,0
DA:84,0
DA:85,0
DA:86,0
DA:87,0
DA:90,0
DA:91,0
DA:92,0
DA:93,0
DA:96,0
DA:97,0
DA:98,0
DA:100,0
DA:101,0
DA:104,0
DA:106,0
DA:108,0
DA:111,0
DA:112,0
DA:113,0
DA:114,0
DA:122,0
DA:123,0
DA:125,0
DA:127,0
DA:128,0
LF:45
LH:0
end_of_record
SF:lib\features\new_note\presentation\widgets\new_note_app_bar.dart
DA:7,0
DA:17,0
DA:18,0
DA:25,0
DA:26,0
DA:27,0
DA:28,0
DA:29,0
DA:30,0
DA:31,0
DA:32,0
DA:34,0
DA:35,0
DA:41,0
DA:42,0
DA:54,0
LF:16
LH:0
end_of_record
SF:lib\features\new_note\presentation\widgets\new_note_body.dart
DA:11,0
DA:16,0
DA:18,0
DA:20,0
DA:22,0
DA:23,0
DA:24,0
DA:25,0
DA:26,0
DA:27,0
DA:29,0
DA:35,0
DA:36,0
DA:37,0
DA:38,0
DA:40,0
LF:16
LH:0
end_of_record
